INFO:  latexindent version 3.20.3, 2023-02-19, a script to indent .tex files
       latexindent lives here: /usr/share/texmf-dist/scripts/latexindent/
       Sat May 27 11:53:26 2023
       Reading input from STDIN
INFO:  Processing switches:
       -l|--localSettings: Read localSettings YAML file
       -m|--modifylinebreaks: modify line breaks
INFO:  Directory for backup files and indent.log:
       .
INFO:  YAML settings read: defaultSettings.yaml
       Reading defaultSettings.yaml from /usr/share/texmf-dist/scripts/latexindent/defaultSettings.yaml
INFO:  YAML reading settings
       Home directory is /home/kalex
       latexindent.pl didn't find indentconfig.yaml or .indentconfig.yaml
       see all possible locations: https://latexindentpl.readthedocs.io/en/latest/sec-appendices.html#indentconfig-options)
INFO:  YAML settings read: -l switch
       Adding /home/kalex/dotfiles/misc/latexindent/textwrap.yaml to YAML read paths
INFO:  YAML settings, reading from the following files:
       Reading USER settings from /home/kalex/dotfiles/misc/latexindent/textwrap.yaml
       ---
       modifyLineBreaks:
         textWrapOptions:
           blocksBeginWith:
             other: \\Cref|\\emph|\\caption|\\item|\$|\\textbf
           blocksFollow:
             other: "\\\\begin\\{definition\\}\\[.*\\]\n|\n\\\\end\\{figure\\}\n|\n\\\\end\\{definition\\}\n|\n\\\\end\\{itemize\\}\n|\n\\\\item\n|\n\\\\end\\{enumerate\\}\n|\n\\\\end\\{table\\}\n|\n\\\\end\\{description\\}\n|\n\\\\\\]"
           columns: '80'

INFO:  Phase 1: searching for objects
INFO:  Phase 2: finding surrounding indentation
INFO:  Phase 3: indenting objects
INFO:  Phase 4: final indentation check
INFO:  Output routine:
       Not outputting to file; see -w and -o switches for more options.
       --------------
INFO:  Please direct all communication/issues to:
        https://github.com/cmhughes/latexindent.pl
